<?xml version="1.0" encoding="UTF-8"?>
<!-- Generated by org.testng.reporters.JUnitReportReporter -->
<testsuite hostname="DESKTOP-8KECQLN" failures="0" tests="1" name="loginTest._3ToVerifyHomePageTest" time="8.165" errors="0" timestamp="2022-12-08T17:34:31 IST" skipped="0">
  <testcase classname="loginTest._3ToVerifyHomePageTest" name="ToVerifyHomePageTest" time="8.165"/>
  <system-out/>
</testsuite> <!-- loginTest._3ToVerifyHomePageTest -->
